app/build/intermediates/manifest_merge_blame_file/debug/manifest-merger-blame-debug-report.txt
1<?xml version="1.0" encoding="utf-8"?>
2<manifest xmlns:android="http://schemas.android.com/apk/res/android"
3    package="com.example.suapp"
4    android:versionCode="1"
5    android:versionName="1.0" >
6
7    <uses-sdk
8        android:minSdkVersion="28"
8-->src\main\AndroidManifest.xml
9        android:targetSdkVersion="29" />
9-->src\main\AndroidManifest.xml
10
11    <uses-permission android:name="android.permission.WRITE_EXTERNAL_STORAGE" />
11-->src\main\AndroidManifest.xml:5:5-81
11-->src\main\AndroidManifest.xml:5:22-78
12    <uses-permission android:name="android.permission.READ_EXTERNAL_STORAGE" />
12-->src\main\AndroidManifest.xml:6:5-80
12-->src\main\AndroidManifest.xml:6:22-77
13    <uses-permission android:name="android.permission.CAMERA" />
13-->src\main\AndroidManifest.xml:7:5-65
13-->src\main\AndroidManifest.xml:7:22-62
14    <uses-permission android:name="android.permission.INTERNET" />
14-->src\main\AndroidManifest.xml:8:5-67
14-->src\main\AndroidManifest.xml:8:22-64
15    <uses-permission android:name="android.permission.WAKE_LOCK" />
15-->src\main\AndroidManifest.xml:9:5-68
15-->src\main\AndroidManifest.xml:9:22-65
16
17    <uses-feature android:name="android.hardware.camera" />
17-->src\main\AndroidManifest.xml:11:5-60
17-->src\main\AndroidManifest.xml:11:19-57
18
19    <application
19-->src\main\AndroidManifest.xml:13:5-29:19
20        android:allowBackup="true"
20-->src\main\AndroidManifest.xml:14:9-35
21        android:appComponentFactory="androidx.core.app.CoreComponentFactory"
21-->[androidx.core:core:1.3.1] AndroidManifest.xml:24:18-86
22        android:debuggable="true"
23        android:extractNativeLibs="false"
24        android:icon="@mipmap/ic_launcher"
24-->src\main\AndroidManifest.xml:15:9-43
25        android:label="@string/app_name"
25-->src\main\AndroidManifest.xml:16:9-41
26        android:roundIcon="@mipmap/ic_launcher_round"
26-->src\main\AndroidManifest.xml:17:9-54
27        android:supportsRtl="true"
27-->src\main\AndroidManifest.xml:18:9-35
28        android:testOnly="true"
29        android:theme="@style/SplashTheme"
29-->src\main\AndroidManifest.xml:19:9-43
30        android:usesCleartextTraffic="true" >
30-->src\main\AndroidManifest.xml:20:9-44
31        <activity android:name="com.example.suapp.FrameActivity" />
31-->src\main\AndroidManifest.xml:21:9-51
31-->src\main\AndroidManifest.xml:21:19-48
32        <activity android:name="com.example.suapp.MainActivity" >
32-->src\main\AndroidManifest.xml:22:9-28:20
32-->src\main\AndroidManifest.xml:22:19-47
33            <intent-filter>
33-->src\main\AndroidManifest.xml:23:13-27:29
34                <action android:name="android.intent.action.MAIN" />
34-->src\main\AndroidManifest.xml:24:17-69
34-->src\main\AndroidManifest.xml:24:25-66
35
36                <category android:name="android.intent.category.LAUNCHER" />
36-->src\main\AndroidManifest.xml:26:17-77
36-->src\main\AndroidManifest.xml:26:27-74
37            </intent-filter>
38        </activity>
39
40        <provider
40-->[com.github.yongbeam:Android-Y-PhotoPicker:1.0.0] AndroidManifest.xml:10:9-18:20
41            android:name="androidx.core.content.FileProvider"
41-->[com.github.yongbeam:Android-Y-PhotoPicker:1.0.0] AndroidManifest.xml:11:13-62
42            android:authorities="com.yongbeam.y_photopicker.fileprovider"
42-->[com.github.yongbeam:Android-Y-PhotoPicker:1.0.0] AndroidManifest.xml:12:13-74
43            android:exported="false"
43-->[com.github.yongbeam:Android-Y-PhotoPicker:1.0.0] AndroidManifest.xml:13:13-37
44            android:grantUriPermissions="true" >
44-->[com.github.yongbeam:Android-Y-PhotoPicker:1.0.0] AndroidManifest.xml:14:13-47
45            <meta-data
45-->[com.github.yongbeam:Android-Y-PhotoPicker:1.0.0] AndroidManifest.xml:15:13-17:53
46                android:name="android.support.FILE_PROVIDER_PATHS"
46-->[com.github.yongbeam:Android-Y-PhotoPicker:1.0.0] AndroidManifest.xml:16:17-67
47                android:resource="@xml/filepaths" />
47-->[com.github.yongbeam:Android-Y-PhotoPicker:1.0.0] AndroidManifest.xml:17:17-50
48        </provider>
49    </application>
50
51</manifest>